

         ░░    ░░  ░░░░░░  ░░  ░░░░░░ ░░░░░░░ ░░   ░░ ░░░░░░░ ░░    ░░
         ▒▒    ▒▒ ▒▒    ▒▒ ▒▒ ▒▒      ▒▒      ▒▒  ▒▒  ▒▒       ▒▒  ▒▒
         ▓▓    ▓▓ ▓▓    ▓▓ ▓▓ ▓▓      ▓▓▓▓▓   ▓▓▓▓▓   ▓▓▓▓▓     ▓▓▓▓
          ██  ██  ██    ██ ██ ██      ██      ██  ██  ██         ██
           ████    ██████  ██  ██████ ███████ ██   ██ ███████    ██

                               fn+fn • Hold Mode


                       ⏯️ Ready (hold shortcut to record)


                 0                        0s                     0
         Words Transcribed              Session              Times Used


               Press 'q' to exit • 'voicekey setup' to configure


[2K[1A[2K[1A[2K[1A[2K[1A[2K[1A[2K[1A[2K[1A[2K[1A[2K[1A[2K[1A[2K[1A[2K[1A[2K[1A[2K[1A[2K[1A[2K[1A[2K[1A[2K[1A[2K[1A[2K[1A[2K[1A[2K[G

         ░░    ░░  ░░░░░░  ░░  ░░░░░░ ░░░░░░░ ░░   ░░ ░░░░░░░ ░░    ░░
         ▒▒    ▒▒ ▒▒    ▒▒ ▒▒ ▒▒      ▒▒      ▒▒  ▒▒  ▒▒       ▒▒  ▒▒
         ▓▓    ▓▓ ▓▓    ▓▓ ▓▓ ▓▓      ▓▓▓▓▓   ▓▓▓▓▓   ▓▓▓▓▓     ▓▓▓▓
          ██  ██  ██    ██ ██ ██      ██      ██  ██  ██         ██
           ████    ██████  ██  ██████ ███████ ██   ██ ███████    ██

                               fn+fn • Hold Mode


                       ⏯️ Ready (hold shortcut to record)


                 0                        1s                     0
         Words Transcribed              Session              Times Used


               Press 'q' to exit • 'voicekey setup' to configure


[2K[1A[2K[1A[2K[1A[2K[1A[2K[1A[2K[1A[2K[1A[2K[1A[2K[1A[2K[1A[2K[1A[2K[1A[2K[1A[2K[1A[2K[1A[2K[1A[2K[1A[2K[1A[2K[1A[2K[1A[2K[1A[2K[G

         ░░    ░░  ░░░░░░  ░░  ░░░░░░ ░░░░░░░ ░░   ░░ ░░░░░░░ ░░    ░░
         ▒▒    ▒▒ ▒▒    ▒▒ ▒▒ ▒▒      ▒▒      ▒▒  ▒▒  ▒▒       ▒▒  ▒▒
         ▓▓    ▓▓ ▓▓    ▓▓ ▓▓ ▓▓      ▓▓▓▓▓   ▓▓▓▓▓   ▓▓▓▓▓     ▓▓▓▓
          ██  ██  ██    ██ ██ ██      ██      ██  ██  ██         ██
           ████    ██████  ██  ██████ ███████ ██   ██ ███████    ██

                               fn+fn • Hold Mode


                       ⏯️ Ready (hold shortcut to record)


                 0                        2s                     0
         Words Transcribed              Session              Times Used


               Press 'q' to exit • 'voicekey setup' to configure


[2K[1A[2K[1A[2K[1A[2K[1A[2K[1A[2K[1A[2K[1A[2K[1A[2K[1A[2K[1A[2K[1A[2K[1A[2K[1A[2K[1A[2K[1A[2K[1A[2K[1A[2K[1A[2K[1A[2K[1A[2K[1A[2K[G

         ░░    ░░  ░░░░░░  ░░  ░░░░░░ ░░░░░░░ ░░   ░░ ░░░░░░░ ░░    ░░
         ▒▒    ▒▒ ▒▒    ▒▒ ▒▒ ▒▒      ▒▒      ▒▒  ▒▒  ▒▒       ▒▒  ▒▒
         ▓▓    ▓▓ ▓▓    ▓▓ ▓▓ ▓▓      ▓▓▓▓▓   ▓▓▓▓▓   ▓▓▓▓▓     ▓▓▓▓
          ██  ██  ██    ██ ██ ██      ██      ██  ██  ██         ██
           ████    ██████  ██  ██████ ███████ ██   ██ ███████    ██

                               fn+fn • Hold Mode


                       ⏯️ Ready (hold shortcut to record)


                 0                        3s                     0
         Words Transcribed              Session              Times Used


               Press 'q' to exit • 'voicekey setup' to configure


[2K[1A[2K[1A[2K[1A[2K[1A[2K[1A[2K[1A[2K[1A[2K[1A[2K[1A[2K[1A[2K[1A[2K[1A[2K[1A[2K[1A[2K[1A[2K[1A[2K[1A[2K[1A[2K[1A[2K[1A[2K[1A[2K[G

         ░░    ░░  ░░░░░░  ░░  ░░░░░░ ░░░░░░░ ░░   ░░ ░░░░░░░ ░░    ░░
         ▒▒    ▒▒ ▒▒    ▒▒ ▒▒ ▒▒      ▒▒      ▒▒  ▒▒  ▒▒       ▒▒  ▒▒
         ▓▓    ▓▓ ▓▓    ▓▓ ▓▓ ▓▓      ▓▓▓▓▓   ▓▓▓▓▓   ▓▓▓▓▓     ▓▓▓▓
          ██  ██  ██    ██ ██ ██      ██      ██  ██  ██         ██
           ████    ██████  ██  ██████ ███████ ██   ██ ███████    ██

                               fn+fn • Hold Mode


                       ⏯️ Ready (hold shortcut to record)


                 0                        4s                     0
         Words Transcribed              Session              Times Used


               Press 'q' to exit • 'voicekey setup' to configure


[2K[1A[2K[1A[2K[1A[2K[1A[2K[1A[2K[1A[2K[1A[2K[1A[2K[1A[2K[1A[2K[1A[2K[1A[2K[1A[2K[1A[2K[1A[2K[1A[2K[1A[2K[1A[2K[1A[2K[1A[2K[1A[2K[G

         ░░    ░░  ░░░░░░  ░░  ░░░░░░ ░░░░░░░ ░░   ░░ ░░░░░░░ ░░    ░░
         ▒▒    ▒▒ ▒▒    ▒▒ ▒▒ ▒▒      ▒▒      ▒▒  ▒▒  ▒▒       ▒▒  ▒▒
         ▓▓    ▓▓ ▓▓    ▓▓ ▓▓ ▓▓      ▓▓▓▓▓   ▓▓▓▓▓   ▓▓▓▓▓     ▓▓▓▓
          ██  ██  ██    ██ ██ ██      ██      ██  ██  ██         ██
           ████    ██████  ██  ██████ ███████ ██   ██ ███████    ██

                               fn+fn • Hold Mode


                       ⏯️ Ready (hold shortcut to record)


                 0                        5s                     0
         Words Transcribed              Session              Times Used


               Press 'q' to exit • 'voicekey setup' to configure


[2K[1A[2K[1A[2K[1A[2K[1A[2K[1A[2K[1A[2K[1A[2K[1A[2K[1A[2K[1A[2K[1A[2K[1A[2K[1A[2K[1A[2K[1A[2K[1A[2K[1A[2K[1A[2K[1A[2K[1A[2K[1A[2K[G

         ░░    ░░  ░░░░░░  ░░  ░░░░░░ ░░░░░░░ ░░   ░░ ░░░░░░░ ░░    ░░
         ▒▒    ▒▒ ▒▒    ▒▒ ▒▒ ▒▒      ▒▒      ▒▒  ▒▒  ▒▒       ▒▒  ▒▒
         ▓▓    ▓▓ ▓▓    ▓▓ ▓▓ ▓▓      ▓▓▓▓▓   ▓▓▓▓▓   ▓▓▓▓▓     ▓▓▓▓
          ██  ██  ██    ██ ██ ██      ██      ██  ██  ██         ██
           ████    ██████  ██  ██████ ███████ ██   ██ ███████    ██

                               fn+fn • Hold Mode


                🎤 Recording... (release shortcut to transcribe)


                 0                        5s                     0
         Words Transcribed              Session              Times Used


               Press 'q' to exit • 'voicekey setup' to configure


[2K[1A[2K[1A[2K[1A[2K[1A[2K[1A[2K[1A[2K[1A[2K[1A[2K[1A[2K[1A[2K[1A[2K[1A[2K[1A[2K[1A[2K[1A[2K[1A[2K[1A[2K[1A[2K[1A[2K[1A[2K[1A[2K[G

         ░░    ░░  ░░░░░░  ░░  ░░░░░░ ░░░░░░░ ░░   ░░ ░░░░░░░ ░░    ░░
         ▒▒    ▒▒ ▒▒    ▒▒ ▒▒ ▒▒      ▒▒      ▒▒  ▒▒  ▒▒       ▒▒  ▒▒
         ▓▓    ▓▓ ▓▓    ▓▓ ▓▓ ▓▓      ▓▓▓▓▓   ▓▓▓▓▓   ▓▓▓▓▓     ▓▓▓▓
          ██  ██  ██    ██ ██ ██      ██      ██  ██  ██         ██
           ████    ██████  ██  ██████ ███████ ██   ██ ███████    ██

                               fn+fn • Hold Mode


                🎤 Recording... (release shortcut to transcribe)


                 0                        5s                     1
         Words Transcribed              Session              Times Used


               Press 'q' to exit • 'voicekey setup' to configure


[2K[1A[2K[1A[2K[1A[2K[1A[2K[1A[2K[1A[2K[1A[2K[1A[2K[1A[2K[1A[2K[1A[2K[1A[2K[1A[2K[1A[2K[1A[2K[1A[2K[1A[2K[1A[2K[1A[2K[1A[2K[1A[2K[G

         ░░    ░░  ░░░░░░  ░░  ░░░░░░ ░░░░░░░ ░░   ░░ ░░░░░░░ ░░    ░░
         ▒▒    ▒▒ ▒▒    ▒▒ ▒▒ ▒▒      ▒▒      ▒▒  ▒▒  ▒▒       ▒▒  ▒▒
         ▓▓    ▓▓ ▓▓    ▓▓ ▓▓ ▓▓      ▓▓▓▓▓   ▓▓▓▓▓   ▓▓▓▓▓     ▓▓▓▓
          ██  ██  ██    ██ ██ ██      ██      ██  ██  ██         ██
           ████    ██████  ██  ██████ ███████ ██   ██ ███████    ██

                               fn+fn • Hold Mode


                🎤 Recording... (release shortcut to transcribe)


                 0                        6s                     1
         Words Transcribed              Session              Times Used


               Press 'q' to exit • 'voicekey setup' to configure


[2K[1A[2K[1A[2K[1A[2K[1A[2K[1A[2K[1A[2K[1A[2K[1A[2K[1A[2K[1A[2K[1A[2K[1A[2K[1A[2K[1A[2K[1A[2K[1A[2K[1A[2K[1A[2K[1A[2K[1A[2K[1A[2K[G

         ░░    ░░  ░░░░░░  ░░  ░░░░░░ ░░░░░░░ ░░   ░░ ░░░░░░░ ░░    ░░
         ▒▒    ▒▒ ▒▒    ▒▒ ▒▒ ▒▒      ▒▒      ▒▒  ▒▒  ▒▒       ▒▒  ▒▒
         ▓▓    ▓▓ ▓▓    ▓▓ ▓▓ ▓▓      ▓▓▓▓▓   ▓▓▓▓▓   ▓▓▓▓▓     ▓▓▓▓
          ██  ██  ██    ██ ██ ██      ██      ██  ██  ██         ██
           ████    ██████  ██  ██████ ███████ ██   ██ ███████    ██

                               fn+fn • Hold Mode


                🎤 Recording... (release shortcut to transcribe)


                 0                        7s                     1
         Words Transcribed              Session              Times Used


               Press 'q' to exit • 'voicekey setup' to configure


[2K[1A[2K[1A[2K[1A[2K[1A[2K[1A[2K[1A[2K[1A[2K[1A[2K[1A[2K[1A[2K[1A[2K[1A[2K[1A[2K[1A[2K[1A[2K[1A[2K[1A[2K[1A[2K[1A[2K[1A[2K[1A[2K[G

         ░░    ░░  ░░░░░░  ░░  ░░░░░░ ░░░░░░░ ░░   ░░ ░░░░░░░ ░░    ░░
         ▒▒    ▒▒ ▒▒    ▒▒ ▒▒ ▒▒      ▒▒      ▒▒  ▒▒  ▒▒       ▒▒  ▒▒
         ▓▓    ▓▓ ▓▓    ▓▓ ▓▓ ▓▓      ▓▓▓▓▓   ▓▓▓▓▓   ▓▓▓▓▓     ▓▓▓▓
          ██  ██  ██    ██ ██ ██      ██      ██  ██  ██         ██
           ████    ██████  ██  ██████ ███████ ██   ██ ███████    ██

                               fn+fn • Hold Mode


                       ⏯️ Ready (hold shortcut to record)


                 0                        7s                     1
         Words Transcribed              Session              Times Used


               Press 'q' to exit • 'voicekey setup' to configure


[2K[1A[2K[1A[2K[1A[2K[1A[2K[1A[2K[1A[2K[1A[2K[1A[2K[1A[2K[1A[2K[1A[2K[1A[2K[1A[2K[1A[2K[1A[2K[1A[2K[1A[2K[1A[2K[1A[2K[1A[2K[1A[2K[G

         ░░    ░░  ░░░░░░  ░░  ░░░░░░ ░░░░░░░ ░░   ░░ ░░░░░░░ ░░    ░░
         ▒▒    ▒▒ ▒▒    ▒▒ ▒▒ ▒▒      ▒▒      ▒▒  ▒▒  ▒▒       ▒▒  ▒▒
         ▓▓    ▓▓ ▓▓    ▓▓ ▓▓ ▓▓      ▓▓▓▓▓   ▓▓▓▓▓   ▓▓▓▓▓     ▓▓▓▓
          ██  ██  ██    ██ ██ ██      ██      ██  ██  ██         ██
           ████    ██████  ██  ██████ ███████ ██   ██ ███████    ██

                               fn+fn • Hold Mode


                               🔄 Transcribing...


                 0                        7s                     1
         Words Transcribed              Session              Times Used


               Press 'q' to exit • 'voicekey setup' to configure


[2K[1A[2K[1A[2K[1A[2K[1A[2K[1A[2K[1A[2K[1A[2K[1A[2K[1A[2K[1A[2K[1A[2K[1A[2K[1A[2K[1A[2K[1A[2K[1A[2K[1A[2K[1A[2K[1A[2K[1A[2K[1A[2K[G

         ░░    ░░  ░░░░░░  ░░  ░░░░░░ ░░░░░░░ ░░   ░░ ░░░░░░░ ░░    ░░
         ▒▒    ▒▒ ▒▒    ▒▒ ▒▒ ▒▒      ▒▒      ▒▒  ▒▒  ▒▒       ▒▒  ▒▒
         ▓▓    ▓▓ ▓▓    ▓▓ ▓▓ ▓▓      ▓▓▓▓▓   ▓▓▓▓▓   ▓▓▓▓▓     ▓▓▓▓
          ██  ██  ██    ██ ██ ██      ██      ██  ██  ██         ██
           ████    ██████  ██  ██████ ███████ ██   ██ ███████    ██

                               fn+fn • Hold Mode


                               🔄 Transcribing...


                 0                        8s                     1
         Words Transcribed              Session              Times Used


               Press 'q' to exit • 'voicekey setup' to configure


[2K[1A[2K[1A[2K[1A[2K[1A[2K[1A[2K[1A[2K[1A[2K[1A[2K[1A[2K[1A[2K[1A[2K[1A[2K[1A[2K[1A[2K[1A[2K[1A[2K[1A[2K[1A[2K[1A[2K[1A[2K[1A[2K[G

         ░░    ░░  ░░░░░░  ░░  ░░░░░░ ░░░░░░░ ░░   ░░ ░░░░░░░ ░░    ░░
         ▒▒    ▒▒ ▒▒    ▒▒ ▒▒ ▒▒      ▒▒      ▒▒  ▒▒  ▒▒       ▒▒  ▒▒
         ▓▓    ▓▓ ▓▓    ▓▓ ▓▓ ▓▓      ▓▓▓▓▓   ▓▓▓▓▓   ▓▓▓▓▓     ▓▓▓▓
          ██  ██  ██    ██ ██ ██      ██      ██  ██  ██         ██
           ████    ██████  ██  ██████ ███████ ██   ██ ███████    ██

                               fn+fn • Hold Mode


                       ⏯️ Ready (hold shortcut to record)


                 5                        8s                     1
         Words Transcribed              Session              Times Used


               Press 'q' to exit • 'voicekey setup' to configure


[2K[1A[2K[1A[2K[1A[2K[1A[2K[1A[2K[1A[2K[1A[2K[1A[2K[1A[2K[1A[2K[1A[2K[1A[2K[1A[2K[1A[2K[1A[2K[1A[2K[1A[2K[1A[2K[1A[2K[1A[2K[1A[2K[G

         ░░    ░░  ░░░░░░  ░░  ░░░░░░ ░░░░░░░ ░░   ░░ ░░░░░░░ ░░    ░░
         ▒▒    ▒▒ ▒▒    ▒▒ ▒▒ ▒▒      ▒▒      ▒▒  ▒▒  ▒▒       ▒▒  ▒▒
         ▓▓    ▓▓ ▓▓    ▓▓ ▓▓ ▓▓      ▓▓▓▓▓   ▓▓▓▓▓   ▓▓▓▓▓     ▓▓▓▓
          ██  ██  ██    ██ ██ ██      ██      ██  ██  ██         ██
           ████    ██████  ██  ██████ ███████ ██   ██ ███████    ██

                               fn+fn • Hold Mode


                       ⏯️ Ready (hold shortcut to record)


                 5                        9s                     1
         Words Transcribed              Session              Times Used


               Press 'q' to exit • 'voicekey setup' to configure


[2K[1A[2K[1A[2K[1A[2K[1A[2K[1A[2K[1A[2K[1A[2K[1A[2K[1A[2K[1A[2K[1A[2K[1A[2K[1A[2K[1A[2K[1A[2K[1A[2K[1A[2K[1A[2K[1A[2K[1A[2K[1A[2K[G

         ░░    ░░  ░░░░░░  ░░  ░░░░░░ ░░░░░░░ ░░   ░░ ░░░░░░░ ░░    ░░
         ▒▒    ▒▒ ▒▒    ▒▒ ▒▒ ▒▒      ▒▒      ▒▒  ▒▒  ▒▒       ▒▒  ▒▒
         ▓▓    ▓▓ ▓▓    ▓▓ ▓▓ ▓▓      ▓▓▓▓▓   ▓▓▓▓▓   ▓▓▓▓▓     ▓▓▓▓
          ██  ██  ██    ██ ██ ██      ██      ██  ██  ██         ██
           ████    ██████  ██  ██████ ███████ ██   ██ ███████    ██

                               fn+fn • Hold Mode


                       ⏯️ Ready (hold shortcut to record)


                 5                        10s                    1
         Words Transcribed              Session              Times Used


               Press 'q' to exit • 'voicekey setup' to configure


[2K[1A[2K[1A[2K[1A[2K[1A[2K[1A[2K[1A[2K[1A[2K[1A[2K[1A[2K[1A[2K[1A[2K[1A[2K[1A[2K[1A[2K[1A[2K[1A[2K[1A[2K[1A[2K[1A[2K[1A[2K[1A[2K[G

         ░░    ░░  ░░░░░░  ░░  ░░░░░░ ░░░░░░░ ░░   ░░ ░░░░░░░ ░░    ░░
         ▒▒    ▒▒ ▒▒    ▒▒ ▒▒ ▒▒      ▒▒      ▒▒  ▒▒  ▒▒       ▒▒  ▒▒
         ▓▓    ▓▓ ▓▓    ▓▓ ▓▓ ▓▓      ▓▓▓▓▓   ▓▓▓▓▓   ▓▓▓▓▓     ▓▓▓▓
          ██  ██  ██    ██ ██ ██      ██      ██  ██  ██         ██
           ████    ██████  ██  ██████ ███████ ██   ██ ███████    ██

                               fn+fn • Hold Mode


                       ⏯️ Ready (hold shortcut to record)


                 5                        11s                    1
         Words Transcribed              Session              Times Used


               Press 'q' to exit • 'voicekey setup' to configure


[2K[1A[2K[1A[2K[1A[2K[1A[2K[1A[2K[1A[2K[1A[2K[1A[2K[1A[2K[1A[2K[1A[2K[1A[2K[1A[2K[1A[2K[1A[2K[1A[2K[1A[2K[1A[2K[1A[2K[1A[2K[1A[2K[G

         ░░    ░░  ░░░░░░  ░░  ░░░░░░ ░░░░░░░ ░░   ░░ ░░░░░░░ ░░    ░░
         ▒▒    ▒▒ ▒▒    ▒▒ ▒▒ ▒▒      ▒▒      ▒▒  ▒▒  ▒▒       ▒▒  ▒▒
         ▓▓    ▓▓ ▓▓    ▓▓ ▓▓ ▓▓      ▓▓▓▓▓   ▓▓▓▓▓   ▓▓▓▓▓     ▓▓▓▓
          ██  ██  ██    ██ ██ ██      ██      ██  ██  ██         ██
           ████    ██████  ██  ██████ ███████ ██   ██ ███████    ██

                               fn+fn • Hold Mode


                       ⏯️ Ready (hold shortcut to record)


                 5                        12s                    1
         Words Transcribed              Session              Times Used


               Press 'q' to exit • 'voicekey setup' to configure


[2K[1A[2K[1A[2K[1A[2K[1A[2K[1A[2K[1A[2K[1A[2K[1A[2K[1A[2K[1A[2K[1A[2K[1A[2K[1A[2K[1A[2K[1A[2K[1A[2K[1A[2K[1A[2K[1A[2K[1A[2K[1A[2K[G

         ░░    ░░  ░░░░░░  ░░  ░░░░░░ ░░░░░░░ ░░   ░░ ░░░░░░░ ░░    ░░
         ▒▒    ▒▒ ▒▒    ▒▒ ▒▒ ▒▒      ▒▒      ▒▒  ▒▒  ▒▒       ▒▒  ▒▒
         ▓▓    ▓▓ ▓▓    ▓▓ ▓▓ ▓▓      ▓▓▓▓▓   ▓▓▓▓▓   ▓▓▓▓▓     ▓▓▓▓
          ██  ██  ██    ██ ██ ██      ██      ██  ██  ██         ██
           ████    ██████  ██  ██████ ███████ ██   ██ ███████    ██

                               fn+fn • Hold Mode


                       ⏯️ Ready (hold shortcut to record)


                 5                        13s                    1
         Words Transcribed              Session              Times Used


               Press 'q' to exit • 'voicekey setup' to configure


[2K[1A[2K[1A[2K[1A[2K[1A[2K[1A[2K[1A[2K[1A[2K[1A[2K[1A[2K[1A[2K[1A[2K[1A[2K[1A[2K[1A[2K[1A[2K[1A[2K[1A[2K[1A[2K[1A[2K[1A[2K[1A[2K[G

         ░░    ░░  ░░░░░░  ░░  ░░░░░░ ░░░░░░░ ░░   ░░ ░░░░░░░ ░░    ░░
         ▒▒    ▒▒ ▒▒    ▒▒ ▒▒ ▒▒      ▒▒      ▒▒  ▒▒  ▒▒       ▒▒  ▒▒
         ▓▓    ▓▓ ▓▓    ▓▓ ▓▓ ▓▓      ▓▓▓▓▓   ▓▓▓▓▓   ▓▓▓▓▓     ▓▓▓▓
          ██  ██  ██    ██ ██ ██      ██      ██  ██  ██         ██
           ████    ██████  ██  ██████ ███████ ██   ██ ███████    ██

                               fn+fn • Hold Mode


                       ⏯️ Ready (hold shortcut to record)


                 5                        14s                    1
         Words Transcribed              Session              Times Used


               Press 'q' to exit • 'voicekey setup' to configure


[2K[1A[2K[1A[2K[1A[2K[1A[2K[1A[2K[1A[2K[1A[2K[1A[2K[1A[2K[1A[2K[1A[2K[1A[2K[1A[2K[1A[2K[1A[2K[1A[2K[1A[2K[1A[2K[1A[2K[1A[2K[1A[2K[G

         ░░    ░░  ░░░░░░  ░░  ░░░░░░ ░░░░░░░ ░░   ░░ ░░░░░░░ ░░    ░░
         ▒▒    ▒▒ ▒▒    ▒▒ ▒▒ ▒▒      ▒▒      ▒▒  ▒▒  ▒▒       ▒▒  ▒▒
         ▓▓    ▓▓ ▓▓    ▓▓ ▓▓ ▓▓      ▓▓▓▓▓   ▓▓▓▓▓   ▓▓▓▓▓     ▓▓▓▓
          ██  ██  ██    ██ ██ ██      ██      ██  ██  ██         ██
           ████    ██████  ██  ██████ ███████ ██   ██ ███████    ██

                               fn+fn • Hold Mode


                       ⏯️ Ready (hold shortcut to record)


                 5                        15s                    1
         Words Transcribed              Session              Times Used


               Press 'q' to exit • 'voicekey setup' to configure


[2K[1A[2K[1A[2K[1A[2K[1A[2K[1A[2K[1A[2K[1A[2K[1A[2K[1A[2K[1A[2K[1A[2K[1A[2K[1A[2K[1A[2K[1A[2K[1A[2K[1A[2K[1A[2K[1A[2K[1A[2K[1A[2K[G

         ░░    ░░  ░░░░░░  ░░  ░░░░░░ ░░░░░░░ ░░   ░░ ░░░░░░░ ░░    ░░
         ▒▒    ▒▒ ▒▒    ▒▒ ▒▒ ▒▒      ▒▒      ▒▒  ▒▒  ▒▒       ▒▒  ▒▒
         ▓▓    ▓▓ ▓▓    ▓▓ ▓▓ ▓▓      ▓▓▓▓▓   ▓▓▓▓▓   ▓▓▓▓▓     ▓▓▓▓
          ██  ██  ██    ██ ██ ██      ██      ██  ██  ██         ██
           ████    ██████  ██  ██████ ███████ ██   ██ ███████    ██

                               fn+fn • Hold Mode


                       ⏯️ Ready (hold shortcut to record)


                 5                        16s                    1
         Words Transcribed              Session              Times Used


               Press 'q' to exit • 'voicekey setup' to configure


[2K[1A[2K[1A[2K[1A[2K[1A[2K[1A[2K[1A[2K[1A[2K[1A[2K[1A[2K[1A[2K[1A[2K[1A[2K[1A[2K[1A[2K[1A[2K[1A[2K[1A[2K[1A[2K[1A[2K[1A[2K[1A[2K[G

         ░░    ░░  ░░░░░░  ░░  ░░░░░░ ░░░░░░░ ░░   ░░ ░░░░░░░ ░░    ░░
         ▒▒    ▒▒ ▒▒    ▒▒ ▒▒ ▒▒      ▒▒      ▒▒  ▒▒  ▒▒       ▒▒  ▒▒
         ▓▓    ▓▓ ▓▓    ▓▓ ▓▓ ▓▓      ▓▓▓▓▓   ▓▓▓▓▓   ▓▓▓▓▓     ▓▓▓▓
          ██  ██  ██    ██ ██ ██      ██      ██  ██  ██         ██
           ████    ██████  ██  ██████ ███████ ██   ██ ███████    ██

                               fn+fn • Hold Mode


                       ⏯️ Ready (hold shortcut to record)


                 5                        17s                    1
         Words Transcribed              Session              Times Used


               Press 'q' to exit • 'voicekey setup' to configure


[2K[1A[2K[1A[2K[1A[2K[1A[2K[1A[2K[1A[2K[1A[2K[1A[2K[1A[2K[1A[2K[1A[2K[1A[2K[1A[2K[1A[2K[1A[2K[1A[2K[1A[2K[1A[2K[1A[2K[1A[2K[1A[2K[G

         ░░    ░░  ░░░░░░  ░░  ░░░░░░ ░░░░░░░ ░░   ░░ ░░░░░░░ ░░    ░░
         ▒▒    ▒▒ ▒▒    ▒▒ ▒▒ ▒▒      ▒▒      ▒▒  ▒▒  ▒▒       ▒▒  ▒▒
         ▓▓    ▓▓ ▓▓    ▓▓ ▓▓ ▓▓      ▓▓▓▓▓   ▓▓▓▓▓   ▓▓▓▓▓     ▓▓▓▓
          ██  ██  ██    ██ ██ ██      ██      ██  ██  ██         ██
           ████    ██████  ██  ██████ ███████ ██   ██ ███████    ██

                               fn+fn • Hold Mode


                       ⏯️ Ready (hold shortcut to record)


                 5                        18s                    1
         Words Transcribed              Session              Times Used


               Press 'q' to exit • 'voicekey setup' to configure


